2021-05-23 16:52:12 INFO  Log4j:10 - Test is Starting...
2021-05-23 16:52:23 INFO  Log4j:20 - Opening Page : https://www.turkcell.com.tr/
2021-05-23 16:52:24 INFO  Log4j:20 - Product Name :Mobil
2021-05-23 16:52:27 INFO  Log4j:20 - Product Tab Is Opened :Cihazlar
2021-05-23 16:52:28 INFO  Log4j:20 - Products Match :Listelenen urunun basligi ile search edilen eslesiyor
2021-05-23 17:24:19 INFO  Log4j:10 - Test is Starting...
2021-05-23 17:24:32 INFO  Log4j:19 - Opening Page : https://www.turkcell.com.tr/
2021-05-23 17:24:40 INFO  Log4j:19 - Opening Page : Pasaj
2021-05-23 17:27:09 INFO  Log4j:10 - Test is Starting...
2021-05-23 17:27:20 INFO  Log4j:19 - Opening Page : https://www.turkcell.com.tr/
2021-05-23 17:27:27 INFO  Log4j:19 - Opening Page : Pasaj
2021-05-23 17:29:54 INFO  Log4j:10 - Test is Starting...
2021-05-23 17:30:07 INFO  Log4j:19 - Opening Page : https://www.turkcell.com.tr/
2021-05-23 17:30:14 INFO  Log4j:19 - Opening Page : Pasaj
2021-05-23 17:33:21 INFO  Log4j:10 - Test is Starting...
2021-05-23 17:33:29 INFO  Log4j:19 - Opening Page : https://www.turkcell.com.tr/
2021-05-23 17:33:37 INFO  Log4j:19 - Opening Page : Pasaj
2021-05-23 17:34:58 INFO  Log4j:10 - Test is Starting...
2021-05-23 17:35:07 INFO  Log4j:19 - Opening Page : https://www.turkcell.com.tr/
2021-05-23 17:35:15 INFO  Log4j:19 - Opening Page : Pasaj
2021-05-23 17:37:09 INFO  Log4j:10 - Test is Starting...
2021-05-23 17:37:16 INFO  Log4j:19 - Opening Page : https://www.turkcell.com.tr/
2021-05-23 17:37:24 INFO  Log4j:19 - Opening Page : Pasaj
2021-05-23 17:37:27 INFO  Log4j:19 - Basket Product Control : Sepetinizde ürün bulunmamaktadır
2021-05-23 17:38:55 INFO  Log4j:10 - Test is Starting...
2021-05-23 17:39:17 INFO  Log4j:19 - Opening Page : https://www.turkcell.com.tr/
2021-05-23 17:39:53 INFO  Log4j:19 - Opening Page : Pasaj
2021-05-23 17:40:05 INFO  Log4j:19 - Basket Product Control : Sepetinizde ürün bulunmamaktadır
2021-05-23 17:41:48 INFO  Log4j:10 - Test is Starting...
2021-05-23 17:42:00 INFO  Log4j:19 - Opening Page : https://www.turkcell.com.tr/
2021-05-23 17:42:06 INFO  Log4j:19 - Opening Page : Pasaj
2021-05-23 17:42:11 INFO  Log4j:19 - Basket Product Control : Sepetinizde ürün bulunmamaktadır
2021-05-23 17:42:11 INFO  Log4j:14 - Test is Ending...
2021-05-23 17:42:46 INFO  Log4j:10 - Test is Starting...
2021-05-23 17:42:52 INFO  Log4j:19 - Opening Page : https://www.turkcell.com.tr/
2021-05-23 17:42:52 INFO  Log4j:19 - Product Name :Mobil
2021-05-23 17:42:57 INFO  Log4j:19 - Product Tab Is Opened :Cihazlar
2021-05-23 17:42:58 INFO  Log4j:19 - Products Match :Listelenen urunun basligi ile search edilen eslesiyor
2021-05-23 17:42:58 INFO  Log4j:14 - Test is Ending...
2021-05-25 00:02:19 INFO  Log4j:10 - Test is Starting...
2021-05-25 00:02:38 INFO  Log4j:19 - Opening Page : https://www.turkcell.com.tr/
2021-05-25 00:02:50 INFO  Log4j:19 - Opening Page : Pasaj
2021-05-25 00:02:53 INFO  Log4j:19 - Basket Product Control : Sepetinizde ürün bulunmamaktadır
2021-05-25 00:02:53 INFO  Log4j:14 - Test is Ending...
2021-05-25 00:03:27 INFO  Log4j:10 - Test is Starting...
2021-05-25 00:03:32 INFO  Log4j:19 - Opening Page : https://www.turkcell.com.tr/
2021-05-25 00:03:35 INFO  Log4j:19 - Product Name :Mobil
2021-05-25 00:03:40 INFO  Log4j:19 - Product Tab Is Opened :Cihazlar
2021-05-25 00:03:41 INFO  Log4j:19 - Products Match :Listelenen urunun basligi ile search edilen eslesiyor
2021-05-25 00:03:41 INFO  Log4j:14 - Test is Ending...
2021-05-25 00:23:18 INFO  Log4j:10 - Test is Starting...
2021-05-25 00:23:34 INFO  Log4j:19 - Opening Page : https://www.turkcell.com.tr/
2021-05-25 00:23:46 INFO  Log4j:19 - Opening Page : Pasaj
2021-05-25 00:23:49 INFO  Log4j:19 - Basket Product Control : Sepetinizde ürün bulunmamaktadır
2021-05-25 00:23:49 INFO  Log4j:14 - Test is Ending...
2021-05-25 00:23:54 INFO  Log4j:10 - Test is Starting...
2021-05-25 00:24:05 INFO  Log4j:19 - Opening Page : https://www.turkcell.com.tr/
2021-05-25 00:24:07 INFO  Log4j:19 - Product Name :Mobil
2021-05-25 00:24:09 INFO  Log4j:19 - Product Tab Is Opened :Cihazlar
2021-05-25 00:24:10 INFO  Log4j:19 - Products Match :Listelenen urunun basligi ile search edilen eslesiyor
2021-05-25 00:24:10 INFO  Log4j:14 - Test is Ending...
2021-05-25 00:37:02 INFO  Log4j:10 - Test is Starting...
2021-05-25 00:37:11 INFO  Log4j:19 - Opening Page : https://www.turkcell.com.tr/
2021-05-25 00:37:22 INFO  Log4j:19 - Opening Page : Pasaj
2021-05-25 00:37:25 INFO  Log4j:19 - Basket Product Control : Sepetinizde ürün bulunmamaktadır
2021-05-25 00:37:26 INFO  Log4j:14 - Test is Ending...
2021-05-25 00:37:30 INFO  Log4j:10 - Test is Starting...
2021-05-25 00:37:38 INFO  Log4j:19 - Opening Page : https://www.turkcell.com.tr/
2021-05-25 00:37:41 INFO  Log4j:19 - Product Name :Mobil
2021-05-25 00:37:43 INFO  Log4j:19 - Product Tab Is Opened :Cihazlar
2021-05-25 00:37:44 INFO  Log4j:19 - Products Match :Listelenen urunun basligi ile search edilen eslesiyor
2021-05-25 00:37:45 INFO  Log4j:14 - Test is Ending...
2021-05-25 19:46:28 INFO  Log4j:10 - Test is Starting...
2021-05-25 19:46:36 INFO  Log4j:19 - Opening Page : https://www.turkcell.com.tr/
2021-05-25 19:46:39 INFO  Log4j:14 - Test is Ending...
2021-05-25 19:46:53 INFO  Log4j:10 - Test is Starting...
2021-05-25 19:47:01 INFO  Log4j:19 - Opening Page : https://www.turkcell.com.tr/
2021-05-25 19:47:04 INFO  Log4j:14 - Test is Ending...
2021-05-25 19:47:21 INFO  Log4j:10 - Test is Starting...
2021-05-25 19:47:30 INFO  Log4j:19 - Opening Page : https://www.turkcell.com.tr/
2021-05-25 19:47:36 INFO  Log4j:19 - Opening Page : Pasaj
2021-05-25 19:47:40 INFO  Log4j:19 - Basket Product Control : Sepetinizde ürün bulunmamaktadır
2021-05-25 19:47:42 INFO  Log4j:14 - Test is Ending...
2021-05-25 19:48:05 INFO  Log4j:10 - Test is Starting...
2021-05-25 19:48:13 INFO  Log4j:19 - Opening Page : https://www.turkcell.com.tr/
2021-05-25 19:48:13 INFO  Log4j:19 - Product Name :Mobil
2021-05-25 19:48:16 INFO  Log4j:19 - Product Tab Is Opened :Cihazlar
2021-05-25 19:48:17 INFO  Log4j:19 - Products Match :Listelenen urunun basligi ile search edilen eslesiyor
2021-05-25 19:48:18 INFO  Log4j:14 - Test is Ending...
2021-05-25 20:03:42 INFO  Log4j:10 - Test is Starting...
2021-05-25 20:07:21 INFO  Log4j:10 - Test is Starting...
2021-05-25 20:09:48 INFO  Log4j:19 - Opening Page : https://www.turkcell.com.tr/
2021-05-25 20:09:49 INFO  Log4j:19 - Opening Page : https://www.turkcell.com.tr/
2021-05-25 20:15:33 INFO  Log4j:10 - Test is Starting...
2021-05-25 20:15:40 INFO  Log4j:19 - Opening Page : https://www.turkcell.com.tr/
2021-05-25 20:15:45 INFO  Log4j:14 - Test is Ending...
2021-05-25 20:18:40 INFO  Log4j:10 - Test is Starting...
2021-05-25 20:18:51 INFO  Log4j:19 - Opening Page : https://www.turkcell.com.tr/
2021-05-25 20:18:55 INFO  Log4j:14 - Test is Ending...
2021-05-25 20:20:14 INFO  Log4j:10 - Test is Starting...
2021-05-25 20:20:25 INFO  Log4j:19 - Opening Page : https://www.turkcell.com.tr/
2021-05-25 20:20:30 INFO  Log4j:14 - Test is Ending...
2021-05-25 20:21:09 INFO  Log4j:10 - Test is Starting...
2021-05-25 20:21:16 INFO  Log4j:19 - Opening Page : https://www.turkcell.com.tr/
2021-05-25 20:21:24 INFO  Log4j:14 - Test is Ending...
2021-05-25 20:22:14 INFO  Log4j:10 - Test is Starting...
2021-05-25 20:22:20 INFO  Log4j:19 - Opening Page : https://www.turkcell.com.tr/
2021-05-25 20:22:34 INFO  Log4j:14 - Test is Ending...
2021-05-25 20:23:07 INFO  Log4j:10 - Test is Starting...
2021-05-25 20:23:12 INFO  Log4j:19 - Opening Page : https://www.turkcell.com.tr/
2021-05-25 20:23:55 INFO  Log4j:10 - Test is Starting...
2021-05-25 20:24:01 INFO  Log4j:19 - Opening Page : https://www.turkcell.com.tr/
2021-05-25 20:26:56 INFO  Log4j:10 - Test is Starting...
2021-05-25 20:27:02 INFO  Log4j:19 - Opening Page : https://www.turkcell.com.tr/
2021-05-25 20:27:22 INFO  Log4j:14 - Test is Ending...
2021-05-25 20:27:44 INFO  Log4j:10 - Test is Starting...
2021-05-25 20:27:49 INFO  Log4j:19 - Opening Page : https://www.turkcell.com.tr/
2021-05-25 20:28:00 INFO  Log4j:19 - Opening Page : Pasaj
2021-05-25 20:28:03 INFO  Log4j:19 - Basket Product Control : Sepetinizde ürün bulunmamaktadır
2021-05-25 20:28:04 INFO  Log4j:14 - Test is Ending...
2021-05-25 20:28:18 INFO  Log4j:10 - Test is Starting...
2021-05-25 20:28:24 INFO  Log4j:19 - Opening Page : https://www.turkcell.com.tr/
2021-05-25 20:28:28 INFO  Log4j:19 - Product Name :Mobil
2021-05-25 20:28:31 INFO  Log4j:19 - Product Tab Is Opened :Cihazlar
2021-05-25 20:28:31 INFO  Log4j:19 - Products Match :Listelenen urunun basligi ile search edilen eslesiyor
2021-05-25 20:28:32 INFO  Log4j:14 - Test is Ending...
2021-05-25 20:34:51 INFO  Log4j:10 - Test is Starting...
2021-05-25 20:34:58 INFO  Log4j:19 - Opening Page : https://www.turkcell.com.tr/
2021-05-25 20:35:08 INFO  Log4j:19 - Opening Page : Pasaj
2021-05-25 20:35:12 INFO  Log4j:19 - Basket Product Control : Sepetinizde ürün bulunmamaktadır
2021-05-25 20:35:14 INFO  Log4j:14 - Test is Ending...
2021-05-25 20:35:16 INFO  Log4j:10 - Test is Starting...
2021-05-25 20:35:23 INFO  Log4j:19 - Opening Page : https://www.turkcell.com.tr/
2021-05-25 20:35:27 INFO  Log4j:19 - Product Name :Mobil
2021-05-25 20:35:29 INFO  Log4j:19 - Product Tab Is Opened :Cihazlar
2021-05-25 20:35:29 INFO  Log4j:19 - Products Match :Listelenen urunun basligi ile search edilen eslesiyor
2021-05-25 20:35:30 INFO  Log4j:14 - Test is Ending...
2021-05-25 20:37:41 INFO  Log4j:10 - Test is Starting...
2021-05-25 20:37:46 INFO  Log4j:19 - Opening Page : https://www.turkcell.com.tr/
2021-05-25 20:38:02 INFO  Log4j:14 - Test is Ending...
2021-05-25 20:39:07 INFO  Log4j:10 - Test is Starting...
2021-05-25 20:39:13 INFO  Log4j:19 - Opening Page : https://www.turkcell.com.tr/
2021-05-25 20:41:48 INFO  Log4j:14 - Test is Ending...
2021-05-25 20:43:16 INFO  Log4j:10 - Test is Starting...
2021-05-25 20:43:22 INFO  Log4j:19 - Opening Page : https://www.turkcell.com.tr/
2021-05-25 20:43:34 INFO  Log4j:19 - Opening Page : Pasaj
2021-05-25 20:43:38 INFO  Log4j:19 - Basket Product Control : Sepetinizde ürün bulunmamaktadır
2021-05-25 20:43:39 INFO  Log4j:14 - Test is Ending...
2021-05-25 20:43:59 INFO  Log4j:10 - Test is Starting...
2021-05-25 20:44:07 INFO  Log4j:19 - Opening Page : https://www.turkcell.com.tr/
2021-05-25 20:44:23 INFO  Log4j:14 - Test is Ending...
2021-05-25 20:46:07 INFO  Log4j:10 - Test is Starting...
2021-05-25 20:46:11 INFO  Log4j:19 - Opening Page : https://www.turkcell.com.tr/
2021-05-25 20:52:46 INFO  Log4j:10 - Test is Starting...
2021-05-25 20:52:56 INFO  Log4j:19 - Opening Page : https://www.turkcell.com.tr/
2021-05-25 20:52:58 INFO  Log4j:14 - Test is Ending...
2021-05-25 20:53:32 INFO  Log4j:10 - Test is Starting...
2021-05-25 20:53:38 INFO  Log4j:19 - Opening Page : https://www.turkcell.com.tr/
2021-05-25 20:53:45 INFO  Log4j:14 - Test is Ending...
2021-05-25 20:54:29 INFO  Log4j:10 - Test is Starting...
2021-05-25 20:54:40 INFO  Log4j:19 - Opening Page : https://www.turkcell.com.tr/
2021-05-25 20:54:47 INFO  Log4j:19 - Opening Page : Pasaj
2021-05-25 20:54:50 INFO  Log4j:19 - Basket Product Control : Sepetinizde ürün bulunmamaktadır
2021-05-25 20:54:52 INFO  Log4j:14 - Test is Ending...
2021-05-25 21:05:16 INFO  Log4j:10 - Test is Starting...
2021-05-25 21:05:21 INFO  Log4j:19 - Opening Page : https://www.turkcell.com.tr/
2021-05-25 21:05:27 INFO  Log4j:19 - Product Name :Mobil
2021-05-25 21:05:28 INFO  Log4j:19 - Product Tab Is Opened :Cihazlar
2021-05-25 21:05:29 INFO  Log4j:19 - Products Match :Listelenen urunun basligi ile search edilen eslesiyor
2021-05-25 21:05:30 INFO  Log4j:14 - Test is Ending...
2021-05-25 21:05:33 INFO  Log4j:10 - Test is Starting...
2021-05-25 21:05:39 INFO  Log4j:19 - Opening Page : https://www.turkcell.com.tr/
2021-05-25 21:05:50 INFO  Log4j:19 - Opening Page : Pasaj
2021-05-25 21:05:53 INFO  Log4j:19 - Basket Product Control : Sepetinizde ürün bulunmamaktadır
2021-05-25 21:05:55 INFO  Log4j:14 - Test is Ending...
2021-05-25 21:06:15 INFO  Log4j:10 - Test is Starting...
2021-05-25 21:07:17 INFO  Log4j:19 - Opening Page : https://www.turkcell.com.tr/
2021-05-25 21:07:30 INFO  Log4j:19 - Opening Page : Pasaj
2021-05-25 21:07:37 INFO  Log4j:19 - Basket Product Control : Sepetinizde ürün bulunmamaktadır
2021-05-25 21:08:04 INFO  Log4j:14 - Test is Ending...
2021-05-25 21:08:32 INFO  Log4j:10 - Test is Starting...
2021-05-25 21:10:42 INFO  Log4j:19 - Opening Page : https://www.turkcell.com.tr/
2021-05-25 21:11:15 INFO  Log4j:19 - Opening Page : Pasaj
2021-05-25 21:11:22 INFO  Log4j:19 - Basket Product Control : Sepetinizde ürün bulunmamaktadır
2021-05-25 21:11:23 INFO  Log4j:14 - Test is Ending...
2021-05-25 21:15:16 INFO  Log4j:10 - Test is Starting...
2021-05-25 21:15:22 INFO  Log4j:19 - Opening Page : https://www.turkcell.com.tr/
2021-05-25 21:15:34 INFO  Log4j:19 - Opening Page : Pasaj
2021-05-25 21:15:37 INFO  Log4j:19 - Basket Product Control : Sepetinizde ürün bulunmamaktadır
2021-05-25 21:15:39 INFO  Log4j:14 - Test is Ending...
2021-05-25 21:15:41 INFO  Log4j:10 - Test is Starting...
2021-05-25 21:15:48 INFO  Log4j:19 - Opening Page : https://www.turkcell.com.tr/
2021-05-25 21:15:51 INFO  Log4j:19 - Product Name :Mobil
2021-05-25 21:15:54 INFO  Log4j:19 - Product Tab Is Opened :Cihazlar
2021-05-25 21:15:54 INFO  Log4j:19 - Products Match :Listelenen urunun basligi ile search edilen eslesiyor
2021-05-25 21:15:55 INFO  Log4j:14 - Test is Ending...
2021-05-25 22:10:41 INFO  Log4j:10 - Test is Starting...
2021-05-25 22:10:45 INFO  Log4j:19 - Opening Page : https://www.turkcell.com.tr/
2021-05-25 22:10:59 INFO  Log4j:19 - Opening Page : Pasaj
2021-05-25 22:11:01 INFO  Log4j:19 - Basket Product Control : Sepetinizde ürün bulunmamaktadır
2021-05-25 22:11:03 INFO  Log4j:14 - Test is Ending...
2021-05-25 22:11:06 INFO  Log4j:10 - Test is Starting...
2021-05-25 22:11:16 INFO  Log4j:19 - Opening Page : https://www.turkcell.com.tr/
2021-05-25 22:11:19 INFO  Log4j:19 - Product Name :Mobil
2021-05-25 22:11:21 INFO  Log4j:19 - Product Tab Is Opened :Cihazlar
2021-05-25 22:11:22 INFO  Log4j:19 - Products Match :Listelenen urunun basligi ile search edilen eslesiyor
2021-05-25 22:11:23 INFO  Log4j:14 - Test is Ending...
